DEBUG	

Formance (SDK empty)
Ledger (SDK empty)
V1 (SDK empty)
GetInfoResponse (HttpMeta: HTTPMetadata, ConfigInfoResponse: ConfigInfoResponse)
 HttpMetadata (Response: response, Request: request)
 ConfigInfoResponse (data: ConfigInfo)
  ConfigInfo (config: Config, server: string, version: string)
   Config (storage: LedgerStorage)
    LedgerStorage (driver: string, ledgers: array)
ErrorResponse (error)
 ErrorsEnum (enum: INTERNAL, INSUFFICIENT_FUND, VALIDATION ...)
GetLedgerInfoRequest (ledger: string)
GetLedgerInfoResponse (HttpMeta: HTTPMetadata, LedgerInfoResponse: LedgerInfoResponse)
 LedgerInfoResponse (data: LedgerInfo)
  LedgerInfo (name: string, storage: class)
   Storage (migrations: array)
     MigrationInfo (version: string, name: string, date: date-time ...)
      State (enum: TO DO, DONE)
CountAccountsRequest (ledger: string, address: string, metadata: map)
CountAccountsResponse (HttpMeta: HTTPMetadata, Headers: map)
ListAccountsRequest (ledger: string, pageSize: integer, after: string ...)
ListAccountsResponse (HttpMeta: HTTPMetadata, AccountsCursorResponse: AccountsCursorResponse, ErrorResponse: ErrorResponse)
 AccountsCursorResponse (cursor: class)
  Cursor (pageSize: integer, hasMore: boolean, previous: string ...)
    Account (address: string, type: string, metadata: map)
 ErrorResponse (errorCode: ErrorsEnum, errorMessage: string, details: string)
GetAccountRequest (ledger: string, address: string)
GetAccountResponse (HttpMeta: HTTPMetadata, AccountResponse: AccountResponse)
 AccountResponse (data: AccountWithVolumesAndBalances)
  AccountWithVolumesAndBalances (address: string, type: string, metadata: map ...)
    Volume (input: bigint, output: bigint, balance: bigint)
AddMetadataToAccountRequest (ledger: string, address: string, RequestBody: map)
AddMetadataToAccountResponse (HttpMeta: HTTPMetadata)
GetMappingRequest (ledger: string)
GetMappingResponse (HttpMeta: HTTPMetadata, MappingResponse: MappingResponse)
 MappingResponse (data: Mapping)
  Mapping (contracts: array)
    Contract (account: string, expr: class)
     Expr (empty)
UpdateMappingRequest (ledger: string, Mapping: Mapping)
UpdateMappingResponse (HttpMeta: HTTPMetadata, MappingResponse: MappingResponse)
RunScriptRequest (ledger: string, preview: boolean, Script: Script)
 Script (plain: string, vars: map, reference: string ...)
RunScriptResponse (HttpMeta: HTTPMetadata, ScriptResponse: ScriptResponse)
 ScriptResponse (errorCode: ErrorsEnum, errorMessage: string, details: string ...)
  Transaction (timestamp: date-time, postings: array, reference: string ...)
    Posting (amount: bigint, asset: string, destination: string ...)
ReadStatsRequest (ledger: string)
ReadStatsResponse (HttpMeta: HTTPMetadata, StatsResponse: StatsResponse)
 StatsResponse (data: Stats)
  Stats (accounts: integer, transactions: integer)
CountTransactionsRequest (ledger: string, reference: string, account: string ...)
 Metadata (empty)
CountTransactionsResponse (HttpMeta: HTTPMetadata, Headers: map)
ListTransactionsRequest (ledger: string, pageSize: integer, after: string ...)
ListTransactionsResponse (HttpMeta: HTTPMetadata, TransactionsCursorResponse: TransactionsCursorResponse)
 TransactionsCursorResponse (cursor: class)
  TransactionsCursorResponseCursor (pageSize: integer, hasMore: boolean, previous: string ...)
CreateTransactionRequest (ledger: string, preview: boolean, PostTransaction: PostTransaction)
 PostTransaction (timestamp: date-time, postings: array, script: class ...)
  PostTransactionScript (plain: string, vars: map)
CreateTransactionResponse (HttpMeta: HTTPMetadata, TransactionsResponse: TransactionsResponse)
 TransactionsResponse (data: array)
GetTransactionRequest (ledger: string, txid: bigint)
GetTransactionResponse (HttpMeta: HTTPMetadata, TransactionResponse: TransactionResponse)
 TransactionResponse (data: Transaction)
AddMetadataOnTransactionRequest (ledger: string, txid: bigint, RequestBody: map)
AddMetadataOnTransactionResponse (HttpMeta: HTTPMetadata)
RevertTransactionRequest (ledger: string, txid: bigint, disableChecks: boolean)
RevertTransactionResponse (HttpMeta: HTTPMetadata, TransactionResponse: TransactionResponse)
CreateTransactionsRequest (ledger: string, Transactions: Transactions)
 Transactions (transactions: array)
   TransactionData (postings: array, reference: string, metadata: map ...)
CreateTransactionsResponse (HttpMeta: HTTPMetadata, TransactionsResponse: TransactionsResponse)
GetBalancesRequest (ledger: string, address: string, pageSize: integer ...)
GetBalancesResponse (HttpMeta: HTTPMetadata, BalancesCursorResponse: BalancesCursorResponse)
 BalancesCursorResponse (cursor: class)
  BalancesCursorResponseCursor (pageSize: integer, hasMore: boolean, previous: string ...)
GetBalancesAggregatedRequest (ledger: string, address: string, useInsertionDate: boolean)
GetBalancesAggregatedResponse (HttpMeta: HTTPMetadata, AggregateBalancesResponse: AggregateBalancesResponse)
 AggregateBalancesResponse (data: map)
ListLogsRequest (ledger: string, pageSize: integer, after: string ...)
ListLogsResponse (HttpMeta: HTTPMetadata, LogsCursorResponse: LogsCursorResponse)
 LogsCursorResponse (cursor: class)
  LogsCursorResponseCursor (pageSize: integer, hasMore: boolean, previous: string ...)
    Log (id: integer, type: enum, data: map ...)
     Type (enum: NEW_TRANSACTION, SET_METADATA)
V2 (SDK empty)
V2ListLedgersRequest (pageSize: integer, cursor: string, sort: string ...)
V2ListLedgersResponse (HttpMeta: HTTPMetadata, V2LedgerListResponse: V2LedgerListResponse)
 V2LedgerListResponse (cursor: class)
  V2LedgerListResponseCursor (pageSize: integer, hasMore: boolean, previous: string ...)
    V2Ledger (name: string, addedAt: date-time, bucket: string ...)
V2ErrorResponse (error)
 V2ErrorsEnum (enum: INTERNAL, INSUFFICIENT_FUND, VALIDATION ...)
V2GetLedgerRequest (ledger: string)
V2GetLedgerResponse (HttpMeta: HTTPMetadata, V2GetLedgerResponse: V2GetLedgerResponse)
 V2GetLedgerResponse (data: V2Ledger)
V2CreateLedgerRequest (ledger: string, V2CreateLedgerRequest: V2CreateLedgerRequest)
 V2CreateLedgerRequest (bucket: string, metadata: map, features: map)
V2CreateLedgerResponse (HttpMeta: HTTPMetadata)
V2UpdateLedgerMetadataRequest (ledger: string, RequestBody: map)
V2UpdateLedgerMetadataResponse (HttpMeta: HTTPMetadata, V2ErrorResponse: V2ErrorResponse)
 V2ErrorResponse (errorCode: V2ErrorsEnum, errorMessage: string, details: string)
V2DeleteLedgerMetadataRequest (ledger: string, key: string)
V2DeleteLedgerMetadataResponse (HttpMeta: HTTPMetadata)
V2GetLedgerInfoRequest (ledger: string)
V2GetLedgerInfoResponse (HttpMeta: HTTPMetadata, V2LedgerInfoResponse: V2LedgerInfoResponse)
 V2LedgerInfoResponse (data: V2LedgerInfo)
  V2LedgerInfo (name: string, storage: class)
   V2LedgerInfoStorage (migrations: array)
     V2MigrationInfo (version: string, name: string, date: date-time ...)
      V2MigrationInfoState (enum: TO DO, DONE, PROGRESS)
V2CreateBulkRequest (ledger: string, continueOnFailure: boolean, atomic: boolean ...)
  V2BulkElement (union)
   V2BulkElementCreateTransaction (action: string, ik: string, data: V2PostTransaction)
    V2PostTransaction (timestamp: date-time, postings: array, script: class ...)
      V2Posting (amount: bigint, asset: string, destination: string ...)
     V2PostTransactionScript (plain: string, vars: map)
     Runtime (enum: experimental-interpreter, machine)
   V2BulkElementAddMetadata (action: string, ik: string, data: class)
    Data (targetId: V2TargetId, targetType: V2TargetType, metadata: map)
     V2TargetId (union)
     V2TargetType (enum: TRANSACTION, ACCOUNT)
   V2BulkElementRevertTransaction (action: string, ik: string, data: class)
    V2BulkElementRevertTransactionData (id: bigint, force: boolean, atEffectiveDate: boolean)
   V2BulkElementDeleteMetadata (action: string, ik: string, data: class)
    V2BulkElementDeleteMetadataData (targetId: V2TargetId, targetType: V2TargetType, key: string)
V2CreateBulkResponse (HttpMeta: HTTPMetadata, V2BulkResponse: V2BulkResponse)
 V2BulkResponse (data: array, errorCode: V2ErrorsEnum, errorMessage: string)
   V2BulkElementResult (union)
    V2BulkElementResultCreateTransaction (responseType: string, logID: integer, data: V2Transaction)
     V2Transaction (insertedAt: date-time, updatedAt: date-time, timestamp: date-time ...)
        V2Volume (input: bigint, output: bigint, balance: bigint)
    V2BulkElementResultAddMetadata (responseType: string, logID: integer)
    V2BulkElementResultRevertTransaction (responseType: string, logID: integer, data: V2Transaction)
    V2BulkElementResultDeleteMetadata (responseType: string, logID: integer)
    V2BulkElementResultError (responseType: string, logID: integer, errorCode: string ...)
V2CountAccountsRequest (ledger: string, pit: date-time, RequestBody: map)
V2CountAccountsResponse (HttpMeta: HTTPMetadata, Headers: map)
V2ListAccountsRequest (ledger: string, pageSize: integer, cursor: string ...)
V2ListAccountsResponse (HttpMeta: HTTPMetadata, V2AccountsCursorResponse: V2AccountsCursorResponse)
 V2AccountsCursorResponse (cursor: class)
  V2AccountsCursorResponseCursor (pageSize: integer, hasMore: boolean, previous: string ...)
    V2Account (address: string, metadata: map, insertionDate: date-time ...)
V2GetAccountRequest (ledger: string, address: string, expand: string ...)
V2GetAccountResponse (HttpMeta: HTTPMetadata, V2AccountResponse: V2AccountResponse)
 V2AccountResponse (data: V2Account)
V2AddMetadataToAccountRequest (ledger: string, address: string, dryRun: boolean ...)
V2AddMetadataToAccountResponse (HttpMeta: HTTPMetadata)
V2DeleteAccountMetadataRequest (ledger: string, address: string, key: string ...)
V2DeleteAccountMetadataResponse (HttpMeta: HTTPMetadata)
V2ReadStatsRequest (ledger: string)
V2ReadStatsResponse (HttpMeta: HTTPMetadata, V2StatsResponse: V2StatsResponse)
 V2StatsResponse (data: V2Stats)
  V2Stats (accounts: integer, transactions: bigint)
V2CountTransactionsRequest (ledger: string, pit: date-time, RequestBody: map)
V2CountTransactionsResponse (HttpMeta: HTTPMetadata, Headers: map)
V2ListTransactionsRequest (ledger: string, pageSize: integer, cursor: string ...)
 Order (enum: effective)
V2ListTransactionsResponse (HttpMeta: HTTPMetadata, V2TransactionsCursorResponse: V2TransactionsCursorResponse)
 V2TransactionsCursorResponse (cursor: class)
  V2TransactionsCursorResponseCursor (pageSize: integer, hasMore: boolean, previous: string ...)
V2CreateTransactionRequest (ledger: string, dryRun: boolean, Idempotency-Key: string ...)
V2CreateTransactionResponse (HttpMeta: HTTPMetadata, V2CreateTransactionResponse: V2CreateTransactionResponse)
 V2CreateTransactionResponse (data: V2Transaction)
V2GetTransactionRequest (ledger: string, id: bigint, expand: string ...)
V2GetTransactionResponse (HttpMeta: HTTPMetadata, V2GetTransactionResponse: V2GetTransactionResponse)
 V2GetTransactionResponse (data: V2Transaction)
V2AddMetadataOnTransactionRequest (ledger: string, id: bigint, dryRun: boolean ...)
V2AddMetadataOnTransactionResponse (HttpMeta: HTTPMetadata)
V2DeleteTransactionMetadataRequest (ledger: string, id: bigint, key: string ...)
V2DeleteTransactionMetadataResponse (HttpMeta: HTTPMetadata)
V2RevertTransactionRequest (ledger: string, id: bigint, force: boolean ...)
 V2RevertTransactionRequest (metadata: map)
V2RevertTransactionResponse (HttpMeta: HTTPMetadata, V2CreateTransactionResponse: V2CreateTransactionResponse)
V2GetBalancesAggregatedRequest (ledger: string, pit: date-time, useInsertionDate: boolean ...)
V2GetBalancesAggregatedResponse (HttpMeta: HTTPMetadata, V2AggregateBalancesResponse: V2AggregateBalancesResponse)
 V2AggregateBalancesResponse (data: map)
V2GetVolumesWithBalancesRequest (pageSize: integer, cursor: string, ledger: string ...)
V2GetVolumesWithBalancesResponse (HttpMeta: HTTPMetadata, V2VolumesWithBalanceCursorResponse: V2VolumesWithBalanceCursorResponse)
 V2VolumesWithBalanceCursorResponse (cursor: class)
  V2VolumesWithBalanceCursorResponseCursor (pageSize: integer, hasMore: boolean, previous: string ...)
    V2VolumesWithBalance (account: string, asset: string, input: bigint ...)
V2ListLogsRequest (ledger: string, pageSize: integer, cursor: string ...)
V2ListLogsResponse (HttpMeta: HTTPMetadata, V2LogsCursorResponse: V2LogsCursorResponse)
 V2LogsCursorResponse (cursor: class)
  V2LogsCursorResponseCursor (pageSize: integer, hasMore: boolean, previous: string ...)
    V2Log (id: bigint, type: enum, data: map ...)
     V2LogType (enum: NEW_TRANSACTION, SET_METADATA, REVERTED_TRANSACTION ...)
V2ImportLogsRequest (ledger: string, V2ImportLogsRequest: V2ImportLogsRequest)
V2ImportLogsResponse (HttpMeta: HTTPMetadata)
V2ExportLogsRequest (ledger: string)
V2ExportLogsResponse (HttpMeta: HTTPMetadata)
V2GetInfoResponse (HttpMeta: HTTPMetadata, V2ConfigInfoResponse: V2ConfigInfoResponse, V2ErrorResponse: V2ErrorResponse)
 V2ConfigInfoResponse (server: string, version: string)
GetMetricsResponse (HttpMeta: HTTPMetadata, object: map)

